<?xml version="1.0" encoding="UTF-8"?>
<testsuite xmlns:xsi="http://www.w3.org/2001/XMLSchema-instance" xsi:noNamespaceSchemaLocation="https://maven.apache.org/surefire/maven-surefire-plugin/xsd/surefire-test-report-3.0.xsd" version="3.0" name="com.example.mydatabase.MyDatabaseApplicationTests" time="4.547" tests="1" errors="0" skipped="0" failures="0">
  <properties>
[...]
</properties>
  <testcase name="contextLoads" classname="com.example.mydatabase.MyDatabaseApplicationTests" time="1.016">
    <system-out><![CDATA[19:45:40.445 [main] INFO org.springframework.test.context.support.AnnotationConfigContextLoaderUtils -- Could not detect default configuration classes for test class [com.example.mydatabase.MyDatabaseApplicationTests]: MyDatabaseApplicationTests does not declare any static, non-private, non-final, nested classes annotated with @Configuration.
19:45:40.585 [main] INFO org.springframework.boot.test.context.SpringBootTestContextBootstrapper -- Found @SpringBootConfiguration com.example.mydatabase.MyDatabaseApplication for test class com.example.mydatabase.MyDatabaseApplicationTests

  .   ____          _            __ _ _
 /\\ / ___'_ __ _ _(_)_ __  __ _ \ \ \ \
( ( )\___ | '_ | '_| | '_ \/ _` | \ \ \ \
 \\/  ___)| |_)| | | | | || (_| |  ) ) ) )
  '  |____| .__|_| |_|_| |_\__, | / / / /
 =========|_|==============|___/=/_/_/_/

 :: Spring Boot ::                (v3.3.1)

2024-06-23T19:45:41.253+05:30  INFO 12124 --- [My Database] [           main] c.e.m.MyDatabaseApplicationTests         : Starting MyDatabaseApplicationTests using Java 17.0.9 with PID 12124 (started by Guesto in C:\Users\Guesto\IdeaProjects\My Database)
2024-06-23T19:45:41.255+05:30  INFO 12124 --- [My Database] [           main] c.e.m.MyDatabaseApplicationTests         : No active profile set, falling back to 1 default profile: "default"
2024-06-23T19:45:42.144+05:30  INFO 12124 --- [My Database] [           main] .s.d.r.c.RepositoryConfigurationDelegate : Multiple Spring Data modules found, entering strict repository configuration mode
2024-06-23T19:45:42.148+05:30  INFO 12124 --- [My Database] [           main] .s.d.r.c.RepositoryConfigurationDelegate : Bootstrapping Spring Data Redis repositories in DEFAULT mode.
2024-06-23T19:45:42.197+05:30  INFO 12124 --- [My Database] [           main] .s.d.r.c.RepositoryConfigurationDelegate : Finished Spring Data repository scanning in 26 ms. Found 0 Redis repository interfaces.
2024-06-23T19:45:43.696+05:30  INFO 12124 --- [My Database] [           main] c.e.m.MyDatabaseApplicationTests         : Started MyDatabaseApplicationTests in 2.878 seconds (process running for 4.564)
]]></system-out>
  </testcase>
</testsuite>